24-Oct-2017 10:51:13.510 INFOS [main] org.apache.catalina.core.ApplicationContext.log ContextListener: contextInitialized()
24-Oct-2017 10:51:13.510 INFOS [main] org.apache.catalina.core.ApplicationContext.log SessionListener: contextInitialized()
24-Oct-2017 10:53:29.547 INFOS [main] org.apache.catalina.core.ApplicationContext.log ContextListener: contextInitialized()
24-Oct-2017 10:53:29.547 INFOS [main] org.apache.catalina.core.ApplicationContext.log SessionListener: contextInitialized()
24-Oct-2017 10:53:29.568 INFOS [main] org.apache.catalina.core.ApplicationContext.log SessionListener: contextDestroyed()
24-Oct-2017 10:53:29.568 INFOS [main] org.apache.catalina.core.ApplicationContext.log ContextListener: contextDestroyed()
24-Oct-2017 10:53:55.646 INFOS [main] org.apache.catalina.core.ApplicationContext.log SessionListener: contextDestroyed()
24-Oct-2017 10:53:55.646 INFOS [main] org.apache.catalina.core.ApplicationContext.log ContextListener: contextDestroyed()
24-Oct-2017 10:54:04.739 INFOS [main] org.apache.catalina.core.ApplicationContext.log ContextListener: contextInitialized()
24-Oct-2017 10:54:04.739 INFOS [main] org.apache.catalina.core.ApplicationContext.log SessionListener: contextInitialized()
24-Oct-2017 10:59:43.601 INFOS [main] org.apache.catalina.core.ApplicationContext.log SessionListener: contextDestroyed()
24-Oct-2017 10:59:43.601 INFOS [main] org.apache.catalina.core.ApplicationContext.log ContextListener: contextDestroyed()
24-Oct-2017 10:59:45.562 INFOS [main] org.apache.catalina.core.ApplicationContext.log ContextListener: contextInitialized()
24-Oct-2017 10:59:45.562 INFOS [main] org.apache.catalina.core.ApplicationContext.log SessionListener: contextInitialized()
24-Oct-2017 11:01:40.794 INFOS [main] org.apache.catalina.core.ApplicationContext.log SessionListener: contextDestroyed()
24-Oct-2017 11:01:40.795 INFOS [main] org.apache.catalina.core.ApplicationContext.log ContextListener: contextDestroyed()
24-Oct-2017 11:10:36.660 INFOS [main] org.apache.catalina.core.ApplicationContext.log ContextListener: contextInitialized()
24-Oct-2017 11:10:36.660 INFOS [main] org.apache.catalina.core.ApplicationContext.log SessionListener: contextInitialized()
24-Oct-2017 11:22:48.520 INFOS [main] org.apache.catalina.core.ApplicationContext.log SessionListener: contextDestroyed()
24-Oct-2017 11:22:48.521 INFOS [main] org.apache.catalina.core.ApplicationContext.log ContextListener: contextDestroyed()
24-Oct-2017 11:23:11.553 INFOS [main] org.apache.catalina.core.ApplicationContext.log ContextListener: contextInitialized()
24-Oct-2017 11:23:11.553 INFOS [main] org.apache.catalina.core.ApplicationContext.log SessionListener: contextInitialized()
24-Oct-2017 11:28:11.357 INFOS [main] org.apache.catalina.core.ApplicationContext.log SessionListener: contextDestroyed()
24-Oct-2017 11:28:11.358 INFOS [main] org.apache.catalina.core.ApplicationContext.log ContextListener: contextDestroyed()
24-Oct-2017 11:28:13.335 INFOS [main] org.apache.catalina.core.ApplicationContext.log ContextListener: contextInitialized()
24-Oct-2017 11:28:13.335 INFOS [main] org.apache.catalina.core.ApplicationContext.log SessionListener: contextInitialized()
24-Oct-2017 11:34:05.666 INFOS [main] org.apache.catalina.core.ApplicationContext.log SessionListener: contextDestroyed()
24-Oct-2017 11:34:05.666 INFOS [main] org.apache.catalina.core.ApplicationContext.log ContextListener: contextDestroyed()
24-Oct-2017 11:34:07.653 INFOS [main] org.apache.catalina.core.ApplicationContext.log ContextListener: contextInitialized()
24-Oct-2017 11:34:07.653 INFOS [main] org.apache.catalina.core.ApplicationContext.log SessionListener: contextInitialized()
24-Oct-2017 11:35:04.992 INFOS [main] org.apache.catalina.core.ApplicationContext.log SessionListener: contextDestroyed()
24-Oct-2017 11:35:04.992 INFOS [main] org.apache.catalina.core.ApplicationContext.log ContextListener: contextDestroyed()
24-Oct-2017 11:35:10.081 INFOS [main] org.apache.catalina.core.ApplicationContext.log ContextListener: contextInitialized()
24-Oct-2017 11:35:10.081 INFOS [main] org.apache.catalina.core.ApplicationContext.log SessionListener: contextInitialized()
24-Oct-2017 11:40:03.125 INFOS [main] org.apache.catalina.core.ApplicationContext.log SessionListener: contextDestroyed()
24-Oct-2017 11:40:03.126 INFOS [main] org.apache.catalina.core.ApplicationContext.log ContextListener: contextDestroyed()
24-Oct-2017 11:40:10.160 INFOS [main] org.apache.catalina.core.ApplicationContext.log ContextListener: contextInitialized()
24-Oct-2017 11:40:10.160 INFOS [main] org.apache.catalina.core.ApplicationContext.log SessionListener: contextInitialized()
24-Oct-2017 11:40:53.111 INFOS [main] org.apache.catalina.core.ApplicationContext.log SessionListener: contextDestroyed()
24-Oct-2017 11:40:53.112 INFOS [main] org.apache.catalina.core.ApplicationContext.log ContextListener: contextDestroyed()
24-Oct-2017 11:40:55.136 INFOS [main] org.apache.catalina.core.ApplicationContext.log ContextListener: contextInitialized()
24-Oct-2017 11:40:55.136 INFOS [main] org.apache.catalina.core.ApplicationContext.log SessionListener: contextInitialized()
24-Oct-2017 11:43:00.869 INFOS [main] org.apache.catalina.core.ApplicationContext.log SessionListener: contextDestroyed()
24-Oct-2017 11:43:00.869 INFOS [main] org.apache.catalina.core.ApplicationContext.log ContextListener: contextDestroyed()
24-Oct-2017 11:43:09.343 INFOS [main] org.apache.catalina.core.ApplicationContext.log ContextListener: contextInitialized()
24-Oct-2017 11:43:09.343 INFOS [main] org.apache.catalina.core.ApplicationContext.log SessionListener: contextInitialized()
24-Oct-2017 11:44:00.189 INFOS [main] org.apache.catalina.core.ApplicationContext.log SessionListener: contextDestroyed()
24-Oct-2017 11:44:00.189 INFOS [main] org.apache.catalina.core.ApplicationContext.log ContextListener: contextDestroyed()
24-Oct-2017 11:44:08.363 INFOS [main] org.apache.catalina.core.ApplicationContext.log ContextListener: contextInitialized()
24-Oct-2017 11:44:08.364 INFOS [main] org.apache.catalina.core.ApplicationContext.log SessionListener: contextInitialized()
24-Oct-2017 11:48:51.733 INFOS [main] org.apache.catalina.core.ApplicationContext.log SessionListener: contextDestroyed()
24-Oct-2017 11:48:51.733 INFOS [main] org.apache.catalina.core.ApplicationContext.log ContextListener: contextDestroyed()
24-Oct-2017 11:48:53.925 INFOS [main] org.apache.catalina.core.ApplicationContext.log ContextListener: contextInitialized()
24-Oct-2017 11:48:53.925 INFOS [main] org.apache.catalina.core.ApplicationContext.log SessionListener: contextInitialized()
24-Oct-2017 11:53:27.821 INFOS [main] org.apache.catalina.core.ApplicationContext.log SessionListener: contextDestroyed()
24-Oct-2017 11:53:27.821 INFOS [main] org.apache.catalina.core.ApplicationContext.log ContextListener: contextDestroyed()
24-Oct-2017 11:53:29.922 INFOS [main] org.apache.catalina.core.ApplicationContext.log ContextListener: contextInitialized()
24-Oct-2017 11:53:29.922 INFOS [main] org.apache.catalina.core.ApplicationContext.log SessionListener: contextInitialized()
24-Oct-2017 11:53:55.529 INFOS [main] org.apache.catalina.core.ApplicationContext.log SessionListener: contextDestroyed()
24-Oct-2017 11:53:55.530 INFOS [main] org.apache.catalina.core.ApplicationContext.log ContextListener: contextDestroyed()
24-Oct-2017 11:54:03.236 INFOS [main] org.apache.catalina.core.ApplicationContext.log ContextListener: contextInitialized()
24-Oct-2017 11:54:03.236 INFOS [main] org.apache.catalina.core.ApplicationContext.log SessionListener: contextInitialized()
24-Oct-2017 11:54:37.560 INFOS [main] org.apache.catalina.core.ApplicationContext.log SessionListener: contextDestroyed()
24-Oct-2017 11:54:37.560 INFOS [main] org.apache.catalina.core.ApplicationContext.log ContextListener: contextDestroyed()
24-Oct-2017 11:54:44.152 INFOS [main] org.apache.catalina.core.ApplicationContext.log ContextListener: contextInitialized()
24-Oct-2017 11:54:44.153 INFOS [main] org.apache.catalina.core.ApplicationContext.log SessionListener: contextInitialized()
24-Oct-2017 11:58:24.349 INFOS [main] org.apache.catalina.core.ApplicationContext.log SessionListener: contextDestroyed()
24-Oct-2017 11:58:24.349 INFOS [main] org.apache.catalina.core.ApplicationContext.log ContextListener: contextDestroyed()
24-Oct-2017 11:58:27.704 INFOS [main] org.apache.catalina.core.ApplicationContext.log ContextListener: contextInitialized()
24-Oct-2017 11:58:27.704 INFOS [main] org.apache.catalina.core.ApplicationContext.log SessionListener: contextInitialized()
24-Oct-2017 21:00:01.817 INFOS [Thread-5] org.apache.catalina.core.ApplicationContext.log SessionListener: contextDestroyed()
24-Oct-2017 21:00:01.817 INFOS [Thread-5] org.apache.catalina.core.ApplicationContext.log ContextListener: contextDestroyed()
